<?xml version="1.0" encoding="UTF-8"?>
<coverage generated="1598841865513" clover="3.2.0">
  <project timestamp="1598841865513" name="All files">
    <metrics statements="66" coveredstatements="64" conditionals="31" coveredconditionals="30" methods="21" coveredmethods="20" elements="118" coveredelements="114" complexity="0" loc="66" ncloc="66" packages="1" files="1" classes="1"/>
    <file name="stamp.js" path="/home/isac/Documents/HD/Work/me/Stamp/source/src/stamp.js">
      <metrics statements="66" coveredstatements="64" conditionals="31" coveredconditionals="30" methods="21" coveredmethods="20"/>
      <line num="1" count="1" type="stmt"/>
      <line num="2" count="1" type="stmt"/>
      <line num="4" count="11" type="stmt"/>
      <line num="7" count="7" type="stmt"/>
      <line num="8" count="7" type="stmt"/>
      <line num="9" count="7" type="stmt"/>
      <line num="10" count="7" type="stmt"/>
      <line num="11" count="7" type="stmt"/>
      <line num="12" count="7" type="stmt"/>
      <line num="13" count="7" type="stmt"/>
      <line num="17" count="7" type="stmt"/>
      <line num="21" count="29" type="cond" truecount="2" falsecount="0"/>
      <line num="24" count="37" type="stmt"/>
      <line num="25" count="37" type="stmt"/>
      <line num="29" count="8" type="stmt"/>
      <line num="30" count="27" type="cond" truecount="2" falsecount="0"/>
      <line num="31" count="21" type="stmt"/>
      <line num="36" count="29" type="stmt"/>
      <line num="38" count="38" type="cond" truecount="2" falsecount="0"/>
      <line num="39" count="38" type="cond" truecount="2" falsecount="0"/>
      <line num="41" count="38" type="cond" truecount="2" falsecount="0"/>
      <line num="45" count="38" type="cond" truecount="5" falsecount="0"/>
      <line num="46" count="7" type="stmt"/>
      <line num="49" count="38" type="stmt"/>
      <line num="51" count="38" type="stmt"/>
      <line num="54" count="37" type="cond" truecount="2" falsecount="0"/>
      <line num="55" count="29" type="stmt"/>
      <line num="56" count="29" type="stmt"/>
      <line num="57" count="29" type="stmt"/>
      <line num="58" count="29" type="stmt"/>
      <line num="59" count="29" type="stmt"/>
      <line num="60" count="29" type="stmt"/>
      <line num="61" count="29" type="cond" truecount="2" falsecount="0"/>
      <line num="62" count="1" type="stmt"/>
      <line num="63" count="1" type="stmt"/>
      <line num="64" count="1" type="cond" truecount="1" falsecount="1"/>
      <line num="65" count="0" type="stmt"/>
      <line num="66" count="0" type="stmt"/>
      <line num="68" count="1" type="stmt"/>
      <line num="72" count="37" type="stmt"/>
      <line num="75" count="6" type="stmt"/>
      <line num="76" count="6" type="stmt"/>
      <line num="79" count="1" type="stmt"/>
      <line num="80" count="1" type="stmt"/>
      <line num="83" count="11" type="stmt"/>
      <line num="84" count="11" type="stmt"/>
      <line num="87" count="2" type="stmt"/>
      <line num="88" count="2" type="stmt"/>
      <line num="91" count="3" type="stmt"/>
      <line num="92" count="3" type="stmt"/>
      <line num="95" count="3" type="stmt"/>
      <line num="96" count="3" type="stmt"/>
      <line num="99" count="7" type="stmt"/>
      <line num="100" count="7" type="stmt"/>
      <line num="101" count="7" type="stmt"/>
      <line num="102" count="7" type="stmt"/>
      <line num="105" count="1" type="stmt"/>
      <line num="106" count="7" type="stmt"/>
      <line num="107" count="1" type="stmt"/>
      <line num="108" count="1" type="stmt"/>
      <line num="111" count="1" type="stmt"/>
      <line num="112" count="1" type="stmt"/>
      <line num="115" count="15" type="cond" truecount="2" falsecount="0"/>
      <line num="116" count="15" type="cond" truecount="2" falsecount="0"/>
      <line num="120" count="29" type="cond" truecount="2" falsecount="0"/>
      <line num="121" count="29" type="stmt"/>
    </file>
  </project>
</coverage>
