{"/home/isac/Documents/HD/Work/me/Stamp/source/src/stamp.js": {"path":"/home/isac/Documents/HD/Work/me/Stamp/source/src/stamp.js","statementMap":{"0":{"start":{"line":1,"column":18},"end":{"line":1,"column":20}},"1":{"start":{"line":2,"column":18},"end":{"line":2,"column":20}},"2":{"start":{"line":4,"column":17},"end":{"line":4,"column":23}},"3":{"start":{"line":4,"column":22},"end":{"line":4,"column":23}},"4":{"start":{"line":7,"column":2},"end":{"line":7,"column":26}},"5":{"start":{"line":8,"column":2},"end":{"line":8,"column":49}},"6":{"start":{"line":9,"column":2},"end":{"line":9,"column":43}},"7":{"start":{"line":10,"column":2},"end":{"line":10,"column":21}},"8":{"start":{"line":11,"column":2},"end":{"line":11,"column":15}},"9":{"start":{"line":12,"column":2},"end":{"line":12,"column":25}},"10":{"start":{"line":13,"column":2},"end":{"line":13,"column":24}},"11":{"start":{"line":17,"column":2},"end":{"line":17,"column":56}},"12":{"start":{"line":21,"column":13},"end":{"line":21,"column":52}},"13":{"start":{"line":24,"column":18},"end":{"line":24,"column":52}},"14":{"start":{"line":25,"column":4},"end":{"line":25,"column":53}},"15":{"start":{"line":29,"column":4},"end":{"line":33,"column":6}},"16":{"start":{"line":30,"column":6},"end":{"line":32,"column":7}},"17":{"start":{"line":31,"column":8},"end":{"line":31,"column":40}},"18":{"start":{"line":36,"column":14},"end":{"line":118,"column":3}},"19":{"start":{"line":38,"column":22},"end":{"line":38,"column":48}},"20":{"start":{"line":39,"column":23},"end":{"line":39,"column":47}},"21":{"start":{"line":41,"column":31},"end":{"line":43,"column":18}},"22":{"start":{"line":45,"column":6},"end":{"line":47,"column":7}},"23":{"start":{"line":46,"column":8},"end":{"line":46,"column":49}},"24":{"start":{"line":49,"column":6},"end":{"line":49,"column":40}},"25":{"start":{"line":51,"column":6},"end":{"line":51,"column":17}},"26":{"start":{"line":54,"column":6},"end":{"line":71,"column":7}},"27":{"start":{"line":55,"column":23},"end":{"line":55,"column":34}},"28":{"start":{"line":56,"column":22},"end":{"line":56,"column":59}},"29":{"start":{"line":57,"column":29},"end":{"line":57,"column":52}},"30":{"start":{"line":58,"column":8},"end":{"line":58,"column":34}},"31":{"start":{"line":59,"column":8},"end":{"line":59,"column":63}},"32":{"start":{"line":60,"column":8},"end":{"line":60,"column":28}},"33":{"start":{"line":61,"column":8},"end":{"line":70,"column":9}},"34":{"start":{"line":62,"column":34},"end":{"line":62,"column":57}},"35":{"start":{"line":63,"column":22},"end":{"line":63,"column":59}},"36":{"start":{"line":64,"column":10},"end":{"line":69,"column":11}},"37":{"start":{"line":65,"column":12},"end":{"line":66,"column":52}},"38":{"start":{"line":66,"column":26},"end":{"line":66,"column":51}},"39":{"start":{"line":68,"column":12},"end":{"line":68,"column":37}},"40":{"start":{"line":72,"column":6},"end":{"line":72,"column":17}},"41":{"start":{"line":75,"column":6},"end":{"line":75,"column":38}},"42":{"start":{"line":76,"column":6},"end":{"line":76,"column":17}},"43":{"start":{"line":79,"column":6},"end":{"line":79,"column":28}},"44":{"start":{"line":80,"column":6},"end":{"line":80,"column":17}},"45":{"start":{"line":83,"column":6},"end":{"line":83,"column":62}},"46":{"start":{"line":84,"column":6},"end":{"line":84,"column":17}},"47":{"start":{"line":87,"column":6},"end":{"line":87,"column":28}},"48":{"start":{"line":88,"column":6},"end":{"line":88,"column":17}},"49":{"start":{"line":91,"column":6},"end":{"line":91,"column":28}},"50":{"start":{"line":92,"column":6},"end":{"line":92,"column":17}},"51":{"start":{"line":95,"column":6},"end":{"line":95,"column":26}},"52":{"start":{"line":96,"column":6},"end":{"line":96,"column":17}},"53":{"start":{"line":99,"column":20},"end":{"line":99,"column":54}},"54":{"start":{"line":100,"column":21},"end":{"line":100,"column":56}},"55":{"start":{"line":101,"column":6},"end":{"line":101,"column":28}},"56":{"start":{"line":102,"column":6},"end":{"line":102,"column":17}},"57":{"start":{"line":105,"column":23},"end":{"line":106,"column":48}},"58":{"start":{"line":106,"column":22},"end":{"line":106,"column":47}},"59":{"start":{"line":107,"column":6},"end":{"line":107,"column":30}},"60":{"start":{"line":108,"column":6},"end":{"line":108,"column":17}},"61":{"start":{"line":111,"column":6},"end":{"line":111,"column":16}},"62":{"start":{"line":112,"column":6},"end":{"line":112,"column":17}},"63":{"start":{"line":115,"column":6},"end":{"line":115,"column":59}},"64":{"start":{"line":115,"column":25},"end":{"line":115,"column":59}},"65":{"start":{"line":116,"column":6},"end":{"line":116,"column":39}},"66":{"start":{"line":120,"column":2},"end":{"line":120,"column":41}},"67":{"start":{"line":120,"column":16},"end":{"line":120,"column":41}},"68":{"start":{"line":121,"column":2},"end":{"line":121,"column":12}}},"fnMap":{"0":{"name":"(anonymous_0)","decl":{"start":{"line":4,"column":17},"end":{"line":4,"column":18}},"loc":{"start":{"line":4,"column":22},"end":{"line":4,"column":23}},"line":4},"1":{"name":"StampData","decl":{"start":{"line":6,"column":9},"end":{"line":6,"column":18}},"loc":{"start":{"line":6,"column":39},"end":{"line":14,"column":1}},"line":6},"2":{"name":"createNewStamp","decl":{"start":{"line":16,"column":9},"end":{"line":16,"column":23}},"loc":{"start":{"line":16,"column":44},"end":{"line":18,"column":1}},"line":16},"3":{"name":"Stamp","decl":{"start":{"line":20,"column":9},"end":{"line":20,"column":14}},"loc":{"start":{"line":20,"column":37},"end":{"line":122,"column":1}},"line":20},"4":{"name":"count","decl":{"start":{"line":23,"column":11},"end":{"line":23,"column":16}},"loc":{"start":{"line":23,"column":20},"end":{"line":26,"column":3}},"line":23},"5":{"name":"deleteElements","decl":{"start":{"line":28,"column":11},"end":{"line":28,"column":25}},"loc":{"start":{"line":28,"column":33},"end":{"line":34,"column":3}},"line":28},"6":{"name":"(anonymous_6)","decl":{"start":{"line":29,"column":17},"end":{"line":29,"column":18}},"loc":{"start":{"line":29,"column":30},"end":{"line":33,"column":5}},"line":29},"7":{"name":"(anonymous_7)","decl":{"start":{"line":37,"column":4},"end":{"line":37,"column":5}},"loc":{"start":{"line":37,"column":30},"end":{"line":52,"column":5}},"line":37},"8":{"name":"(anonymous_8)","decl":{"start":{"line":53,"column":4},"end":{"line":53,"column":5}},"loc":{"start":{"line":53,"column":21},"end":{"line":73,"column":5}},"line":53},"9":{"name":"(anonymous_9)","decl":{"start":{"line":66,"column":20},"end":{"line":66,"column":21}},"loc":{"start":{"line":66,"column":26},"end":{"line":66,"column":51}},"line":66},"10":{"name":"(anonymous_10)","decl":{"start":{"line":74,"column":4},"end":{"line":74,"column":5}},"loc":{"start":{"line":74,"column":18},"end":{"line":77,"column":5}},"line":74},"11":{"name":"(anonymous_11)","decl":{"start":{"line":78,"column":4},"end":{"line":78,"column":5}},"loc":{"start":{"line":78,"column":21},"end":{"line":81,"column":5}},"line":78},"12":{"name":"(anonymous_12)","decl":{"start":{"line":82,"column":4},"end":{"line":82,"column":5}},"loc":{"start":{"line":82,"column":28},"end":{"line":85,"column":5}},"line":82},"13":{"name":"(anonymous_13)","decl":{"start":{"line":86,"column":4},"end":{"line":86,"column":5}},"loc":{"start":{"line":86,"column":31},"end":{"line":89,"column":5}},"line":86},"14":{"name":"(anonymous_14)","decl":{"start":{"line":90,"column":4},"end":{"line":90,"column":5}},"loc":{"start":{"line":90,"column":22},"end":{"line":93,"column":5}},"line":90},"15":{"name":"(anonymous_15)","decl":{"start":{"line":94,"column":4},"end":{"line":94,"column":5}},"loc":{"start":{"line":94,"column":20},"end":{"line":97,"column":5}},"line":94},"16":{"name":"(anonymous_16)","decl":{"start":{"line":98,"column":4},"end":{"line":98,"column":5}},"loc":{"start":{"line":98,"column":13},"end":{"line":103,"column":5}},"line":98},"17":{"name":"(anonymous_17)","decl":{"start":{"line":104,"column":4},"end":{"line":104,"column":5}},"loc":{"start":{"line":104,"column":16},"end":{"line":109,"column":5}},"line":104},"18":{"name":"(anonymous_18)","decl":{"start":{"line":106,"column":16},"end":{"line":106,"column":17}},"loc":{"start":{"line":106,"column":22},"end":{"line":106,"column":47}},"line":106},"19":{"name":"(anonymous_19)","decl":{"start":{"line":110,"column":4},"end":{"line":110,"column":5}},"loc":{"start":{"line":110,"column":19},"end":{"line":113,"column":5}},"line":110},"20":{"name":"(anonymous_20)","decl":{"start":{"line":114,"column":4},"end":{"line":114,"column":5}},"loc":{"start":{"line":114,"column":31},"end":{"line":117,"column":5}},"line":114}},"branchMap":{"0":{"loc":{"start":{"line":20,"column":26},"end":{"line":20,"column":35}},"type":"default-arg","locations":[{"start":{"line":20,"column":33},"end":{"line":20,"column":35}}],"line":20},"1":{"loc":{"start":{"line":21,"column":24},"end":{"line":21,"column":50}},"type":"binary-expr","locations":[{"start":{"line":21,"column":24},"end":{"line":21,"column":38}},{"start":{"line":21,"column":42},"end":{"line":21,"column":50}}],"line":21},"2":{"loc":{"start":{"line":30,"column":6},"end":{"line":32,"column":7}},"type":"if","locations":[{"start":{"line":30,"column":6},"end":{"line":32,"column":7}},{"start":{"line":30,"column":6},"end":{"line":32,"column":7}}],"line":30},"3":{"loc":{"start":{"line":37,"column":19},"end":{"line":37,"column":28}},"type":"default-arg","locations":[{"start":{"line":37,"column":26},"end":{"line":37,"column":28}}],"line":37},"4":{"loc":{"start":{"line":38,"column":22},"end":{"line":38,"column":48}},"type":"binary-expr","locations":[{"start":{"line":38,"column":22},"end":{"line":38,"column":36}},{"start":{"line":38,"column":40},"end":{"line":38,"column":48}}],"line":38},"5":{"loc":{"start":{"line":39,"column":23},"end":{"line":39,"column":47}},"type":"binary-expr","locations":[{"start":{"line":39,"column":23},"end":{"line":39,"column":38}},{"start":{"line":39,"column":42},"end":{"line":39,"column":47}}],"line":39},"6":{"loc":{"start":{"line":41,"column":31},"end":{"line":43,"column":18}},"type":"cond-expr","locations":[{"start":{"line":42,"column":10},"end":{"line":42,"column":29}},{"start":{"line":43,"column":10},"end":{"line":43,"column":18}}],"line":41},"7":{"loc":{"start":{"line":45,"column":6},"end":{"line":47,"column":7}},"type":"if","locations":[{"start":{"line":45,"column":6},"end":{"line":47,"column":7}},{"start":{"line":45,"column":6},"end":{"line":47,"column":7}}],"line":45},"8":{"loc":{"start":{"line":45,"column":10},"end":{"line":45,"column":68}},"type":"binary-expr","locations":[{"start":{"line":45,"column":10},"end":{"line":45,"column":38}},{"start":{"line":45,"column":42},"end":{"line":45,"column":50}},{"start":{"line":45,"column":54},"end":{"line":45,"column":68}}],"line":45},"9":{"loc":{"start":{"line":54,"column":6},"end":{"line":71,"column":7}},"type":"if","locations":[{"start":{"line":54,"column":6},"end":{"line":71,"column":7}},{"start":{"line":54,"column":6},"end":{"line":71,"column":7}}],"line":54},"10":{"loc":{"start":{"line":61,"column":8},"end":{"line":70,"column":9}},"type":"if","locations":[{"start":{"line":61,"column":8},"end":{"line":70,"column":9}},{"start":{"line":61,"column":8},"end":{"line":70,"column":9}}],"line":61},"11":{"loc":{"start":{"line":64,"column":10},"end":{"line":69,"column":11}},"type":"if","locations":[{"start":{"line":64,"column":10},"end":{"line":69,"column":11}},{"start":{"line":64,"column":10},"end":{"line":69,"column":11}}],"line":64},"12":{"loc":{"start":{"line":86,"column":13},"end":{"line":86,"column":29}},"type":"default-arg","locations":[{"start":{"line":86,"column":21},"end":{"line":86,"column":29}}],"line":86},"13":{"loc":{"start":{"line":114,"column":11},"end":{"line":114,"column":29}},"type":"default-arg","locations":[{"start":{"line":114,"column":24},"end":{"line":114,"column":29}}],"line":114},"14":{"loc":{"start":{"line":115,"column":6},"end":{"line":115,"column":59}},"type":"if","locations":[{"start":{"line":115,"column":6},"end":{"line":115,"column":59}},{"start":{"line":115,"column":6},"end":{"line":115,"column":59}}],"line":115},"15":{"loc":{"start":{"line":116,"column":13},"end":{"line":116,"column":39}},"type":"cond-expr","locations":[{"start":{"line":116,"column":28},"end":{"line":116,"column":32}},{"start":{"line":116,"column":35},"end":{"line":116,"column":39}}],"line":116},"16":{"loc":{"start":{"line":120,"column":2},"end":{"line":120,"column":41}},"type":"if","locations":[{"start":{"line":120,"column":2},"end":{"line":120,"column":41}},{"start":{"line":120,"column":2},"end":{"line":120,"column":41}}],"line":120}},"s":{"0":1,"1":1,"2":1,"3":11,"4":7,"5":7,"6":7,"7":7,"8":7,"9":7,"10":7,"11":7,"12":29,"13":37,"14":37,"15":8,"16":27,"17":21,"18":29,"19":38,"20":38,"21":38,"22":38,"23":7,"24":38,"25":38,"26":37,"27":29,"28":29,"29":29,"30":29,"31":29,"32":29,"33":29,"34":1,"35":1,"36":1,"37":0,"38":0,"39":1,"40":37,"41":6,"42":6,"43":1,"44":1,"45":11,"46":11,"47":2,"48":2,"49":3,"50":3,"51":3,"52":3,"53":7,"54":7,"55":7,"56":7,"57":1,"58":7,"59":1,"60":1,"61":1,"62":1,"63":15,"64":1,"65":15,"66":29,"67":28,"68":29},"f":{"0":11,"1":7,"2":7,"3":29,"4":37,"5":8,"6":27,"7":38,"8":37,"9":0,"10":6,"11":1,"12":11,"13":2,"14":3,"15":3,"16":7,"17":1,"18":7,"19":1,"20":15},"b":{"0":[29],"1":[29,29],"2":[21,6],"3":[6],"4":[38,35],"5":[38,37],"6":[3,35],"7":[7,31],"8":[38,35,34],"9":[29,8],"10":[1,28],"11":[0,1],"12":[1],"13":[1],"14":[1,14],"15":[14,1],"16":[28,1]},"_coverageSchema":"1a1c01bbd47fc00a2c39e90264f33305004495a9","hash":"fe1da592ceaa92ba330356eae774487d7291dd18"}
}
