{"/home/isac/Documents/HD/Work/me/Stamp/source/src/stamp.js": {"path":"/home/isac/Documents/HD/Work/me/Stamp/source/src/stamp.js","statementMap":{"0":{"start":{"line":1,"column":18},"end":{"line":1,"column":20}},"1":{"start":{"line":2,"column":18},"end":{"line":2,"column":20}},"2":{"start":{"line":4,"column":17},"end":{"line":4,"column":23}},"3":{"start":{"line":4,"column":22},"end":{"line":4,"column":23}},"4":{"start":{"line":7,"column":2},"end":{"line":7,"column":26}},"5":{"start":{"line":8,"column":2},"end":{"line":8,"column":50}},"6":{"start":{"line":9,"column":2},"end":{"line":9,"column":43}},"7":{"start":{"line":10,"column":2},"end":{"line":10,"column":21}},"8":{"start":{"line":11,"column":2},"end":{"line":11,"column":15}},"9":{"start":{"line":12,"column":2},"end":{"line":12,"column":25}},"10":{"start":{"line":16,"column":2},"end":{"line":16,"column":47}},"11":{"start":{"line":20,"column":13},"end":{"line":20,"column":15}},"12":{"start":{"line":23,"column":18},"end":{"line":23,"column":52}},"13":{"start":{"line":24,"column":4},"end":{"line":24,"column":53}},"14":{"start":{"line":28,"column":4},"end":{"line":32,"column":6}},"15":{"start":{"line":29,"column":6},"end":{"line":31,"column":7}},"16":{"start":{"line":30,"column":8},"end":{"line":30,"column":40}},"17":{"start":{"line":35,"column":14},"end":{"line":100,"column":3}},"18":{"start":{"line":37,"column":21},"end":{"line":39,"column":18}},"19":{"start":{"line":40,"column":6},"end":{"line":42,"column":7}},"20":{"start":{"line":41,"column":8},"end":{"line":41,"column":30}},"21":{"start":{"line":43,"column":6},"end":{"line":43,"column":30}},"22":{"start":{"line":44,"column":6},"end":{"line":44,"column":17}},"23":{"start":{"line":47,"column":6},"end":{"line":57,"column":7}},"24":{"start":{"line":48,"column":23},"end":{"line":48,"column":34}},"25":{"start":{"line":49,"column":22},"end":{"line":49,"column":59}},"26":{"start":{"line":50,"column":29},"end":{"line":50,"column":52}},"27":{"start":{"line":51,"column":8},"end":{"line":51,"column":34}},"28":{"start":{"line":52,"column":8},"end":{"line":52,"column":63}},"29":{"start":{"line":53,"column":8},"end":{"line":53,"column":28}},"30":{"start":{"line":54,"column":8},"end":{"line":56,"column":9}},"31":{"start":{"line":55,"column":10},"end":{"line":55,"column":43}},"32":{"start":{"line":58,"column":6},"end":{"line":58,"column":17}},"33":{"start":{"line":61,"column":6},"end":{"line":61,"column":38}},"34":{"start":{"line":62,"column":6},"end":{"line":62,"column":17}},"35":{"start":{"line":65,"column":6},"end":{"line":65,"column":28}},"36":{"start":{"line":66,"column":6},"end":{"line":66,"column":17}},"37":{"start":{"line":69,"column":6},"end":{"line":69,"column":58}},"38":{"start":{"line":70,"column":6},"end":{"line":70,"column":17}},"39":{"start":{"line":73,"column":6},"end":{"line":73,"column":28}},"40":{"start":{"line":74,"column":6},"end":{"line":74,"column":17}},"41":{"start":{"line":77,"column":6},"end":{"line":77,"column":26}},"42":{"start":{"line":78,"column":6},"end":{"line":78,"column":17}},"43":{"start":{"line":81,"column":20},"end":{"line":81,"column":54}},"44":{"start":{"line":82,"column":21},"end":{"line":82,"column":56}},"45":{"start":{"line":83,"column":6},"end":{"line":83,"column":28}},"46":{"start":{"line":84,"column":6},"end":{"line":84,"column":17}},"47":{"start":{"line":87,"column":23},"end":{"line":88,"column":48}},"48":{"start":{"line":88,"column":22},"end":{"line":88,"column":47}},"49":{"start":{"line":89,"column":6},"end":{"line":89,"column":30}},"50":{"start":{"line":90,"column":6},"end":{"line":90,"column":17}},"51":{"start":{"line":93,"column":6},"end":{"line":93,"column":16}},"52":{"start":{"line":94,"column":6},"end":{"line":94,"column":17}},"53":{"start":{"line":97,"column":6},"end":{"line":97,"column":59}},"54":{"start":{"line":97,"column":25},"end":{"line":97,"column":59}},"55":{"start":{"line":98,"column":6},"end":{"line":98,"column":39}},"56":{"start":{"line":102,"column":2},"end":{"line":102,"column":33}},"57":{"start":{"line":102,"column":16},"end":{"line":102,"column":33}},"58":{"start":{"line":103,"column":2},"end":{"line":103,"column":12}}},"fnMap":{"0":{"name":"(anonymous_0)","decl":{"start":{"line":4,"column":17},"end":{"line":4,"column":18}},"loc":{"start":{"line":4,"column":22},"end":{"line":4,"column":23}},"line":4},"1":{"name":"StampData","decl":{"start":{"line":6,"column":9},"end":{"line":6,"column":18}},"loc":{"start":{"line":6,"column":30},"end":{"line":13,"column":1}},"line":6},"2":{"name":"createNewStamp","decl":{"start":{"line":15,"column":9},"end":{"line":15,"column":23}},"loc":{"start":{"line":15,"column":35},"end":{"line":17,"column":1}},"line":15},"3":{"name":"Stamp","decl":{"start":{"line":19,"column":9},"end":{"line":19,"column":14}},"loc":{"start":{"line":19,"column":26},"end":{"line":104,"column":1}},"line":19},"4":{"name":"count","decl":{"start":{"line":22,"column":11},"end":{"line":22,"column":16}},"loc":{"start":{"line":22,"column":20},"end":{"line":25,"column":3}},"line":22},"5":{"name":"deleteElements","decl":{"start":{"line":27,"column":11},"end":{"line":27,"column":25}},"loc":{"start":{"line":27,"column":33},"end":{"line":33,"column":3}},"line":27},"6":{"name":"(anonymous_6)","decl":{"start":{"line":28,"column":17},"end":{"line":28,"column":18}},"loc":{"start":{"line":28,"column":30},"end":{"line":32,"column":5}},"line":28},"7":{"name":"(anonymous_7)","decl":{"start":{"line":36,"column":4},"end":{"line":36,"column":5}},"loc":{"start":{"line":36,"column":19},"end":{"line":45,"column":5}},"line":36},"8":{"name":"(anonymous_8)","decl":{"start":{"line":46,"column":4},"end":{"line":46,"column":5}},"loc":{"start":{"line":46,"column":21},"end":{"line":59,"column":5}},"line":46},"9":{"name":"(anonymous_9)","decl":{"start":{"line":60,"column":4},"end":{"line":60,"column":5}},"loc":{"start":{"line":60,"column":18},"end":{"line":63,"column":5}},"line":60},"10":{"name":"(anonymous_10)","decl":{"start":{"line":64,"column":4},"end":{"line":64,"column":5}},"loc":{"start":{"line":64,"column":21},"end":{"line":67,"column":5}},"line":64},"11":{"name":"(anonymous_11)","decl":{"start":{"line":68,"column":4},"end":{"line":68,"column":5}},"loc":{"start":{"line":68,"column":28},"end":{"line":71,"column":5}},"line":68},"12":{"name":"(anonymous_12)","decl":{"start":{"line":72,"column":4},"end":{"line":72,"column":5}},"loc":{"start":{"line":72,"column":22},"end":{"line":75,"column":5}},"line":72},"13":{"name":"(anonymous_13)","decl":{"start":{"line":76,"column":4},"end":{"line":76,"column":5}},"loc":{"start":{"line":76,"column":20},"end":{"line":79,"column":5}},"line":76},"14":{"name":"(anonymous_14)","decl":{"start":{"line":80,"column":4},"end":{"line":80,"column":5}},"loc":{"start":{"line":80,"column":13},"end":{"line":85,"column":5}},"line":80},"15":{"name":"(anonymous_15)","decl":{"start":{"line":86,"column":4},"end":{"line":86,"column":5}},"loc":{"start":{"line":86,"column":16},"end":{"line":91,"column":5}},"line":86},"16":{"name":"(anonymous_16)","decl":{"start":{"line":88,"column":16},"end":{"line":88,"column":17}},"loc":{"start":{"line":88,"column":22},"end":{"line":88,"column":47}},"line":88},"17":{"name":"(anonymous_17)","decl":{"start":{"line":92,"column":4},"end":{"line":92,"column":5}},"loc":{"start":{"line":92,"column":19},"end":{"line":95,"column":5}},"line":92},"18":{"name":"(anonymous_18)","decl":{"start":{"line":96,"column":4},"end":{"line":96,"column":5}},"loc":{"start":{"line":96,"column":31},"end":{"line":99,"column":5}},"line":96}},"branchMap":{"0":{"loc":{"start":{"line":29,"column":6},"end":{"line":31,"column":7}},"type":"if","locations":[{"start":{"line":29,"column":6},"end":{"line":31,"column":7}},{"start":{"line":29,"column":6},"end":{"line":31,"column":7}}],"line":29},"1":{"loc":{"start":{"line":37,"column":21},"end":{"line":39,"column":18}},"type":"cond-expr","locations":[{"start":{"line":38,"column":10},"end":{"line":38,"column":29}},{"start":{"line":39,"column":10},"end":{"line":39,"column":18}}],"line":37},"2":{"loc":{"start":{"line":40,"column":6},"end":{"line":42,"column":7}},"type":"if","locations":[{"start":{"line":40,"column":6},"end":{"line":42,"column":7}},{"start":{"line":40,"column":6},"end":{"line":42,"column":7}}],"line":40},"3":{"loc":{"start":{"line":47,"column":6},"end":{"line":57,"column":7}},"type":"if","locations":[{"start":{"line":47,"column":6},"end":{"line":57,"column":7}},{"start":{"line":47,"column":6},"end":{"line":57,"column":7}}],"line":47},"4":{"loc":{"start":{"line":54,"column":8},"end":{"line":56,"column":9}},"type":"if","locations":[{"start":{"line":54,"column":8},"end":{"line":56,"column":9}},{"start":{"line":54,"column":8},"end":{"line":56,"column":9}}],"line":54},"5":{"loc":{"start":{"line":96,"column":11},"end":{"line":96,"column":29}},"type":"default-arg","locations":[{"start":{"line":96,"column":24},"end":{"line":96,"column":29}}],"line":96},"6":{"loc":{"start":{"line":97,"column":6},"end":{"line":97,"column":59}},"type":"if","locations":[{"start":{"line":97,"column":6},"end":{"line":97,"column":59}},{"start":{"line":97,"column":6},"end":{"line":97,"column":59}}],"line":97},"7":{"loc":{"start":{"line":98,"column":13},"end":{"line":98,"column":39}},"type":"cond-expr","locations":[{"start":{"line":98,"column":28},"end":{"line":98,"column":32}},{"start":{"line":98,"column":35},"end":{"line":98,"column":39}}],"line":98},"8":{"loc":{"start":{"line":102,"column":2},"end":{"line":102,"column":33}},"type":"if","locations":[{"start":{"line":102,"column":2},"end":{"line":102,"column":33}},{"start":{"line":102,"column":2},"end":{"line":102,"column":33}}],"line":102}},"s":{"0":1,"1":1,"2":1,"3":3,"4":2,"5":2,"6":2,"7":2,"8":2,"9":2,"10":2,"11":26,"12":29,"13":29,"14":6,"15":25,"16":19,"17":26,"18":31,"19":31,"20":2,"21":31,"22":31,"23":29,"24":21,"25":21,"26":21,"27":21,"28":21,"29":21,"30":21,"31":1,"32":29,"33":2,"34":2,"35":1,"36":1,"37":9,"38":9,"39":3,"40":3,"41":3,"42":3,"43":5,"44":5,"45":5,"46":5,"47":1,"48":7,"49":1,"50":1,"51":1,"52":1,"53":15,"54":1,"55":15,"56":26,"57":25,"58":26},"f":{"0":3,"1":2,"2":2,"3":26,"4":29,"5":6,"6":25,"7":31,"8":29,"9":2,"10":1,"11":9,"12":3,"13":3,"14":5,"15":1,"16":7,"17":1,"18":15},"b":{"0":[19,6],"1":[1,30],"2":[2,29],"3":[21,8],"4":[1,20],"5":[1],"6":[1,14],"7":[14,1],"8":[25,1]},"_coverageSchema":"1a1c01bbd47fc00a2c39e90264f33305004495a9","hash":"85f900efe267e33064014a87b7b3f8d9b2ca252a"}
}
