TN:
SF:src/stamp.js
FN:4,(anonymous_0)
FN:6,StampData
FN:16,createNewStamp
FN:20,Stamp
FN:23,count
FN:28,deleteElements
FN:29,(anonymous_6)
FN:37,(anonymous_7)
FN:53,(anonymous_8)
FN:67,(anonymous_9)
FN:71,(anonymous_10)
FN:75,(anonymous_11)
FN:79,(anonymous_12)
FN:83,(anonymous_13)
FN:87,(anonymous_14)
FN:91,(anonymous_15)
FN:97,(anonymous_16)
FN:99,(anonymous_17)
FN:103,(anonymous_18)
FN:107,(anonymous_19)
FNF:20
FNH:20
FNDA:11,(anonymous_0)
FNDA:7,StampData
FNDA:7,createNewStamp
FNDA:29,Stamp
FNDA:37,count
FNDA:8,deleteElements
FNDA:27,(anonymous_6)
FNDA:38,(anonymous_7)
FNDA:37,(anonymous_8)
FNDA:6,(anonymous_9)
FNDA:1,(anonymous_10)
FNDA:11,(anonymous_11)
FNDA:2,(anonymous_12)
FNDA:3,(anonymous_13)
FNDA:3,(anonymous_14)
FNDA:7,(anonymous_15)
FNDA:1,(anonymous_16)
FNDA:7,(anonymous_17)
FNDA:1,(anonymous_18)
FNDA:15,(anonymous_19)
DA:1,1
DA:2,1
DA:4,11
DA:7,7
DA:8,7
DA:9,7
DA:10,7
DA:11,7
DA:12,7
DA:13,7
DA:17,7
DA:21,29
DA:24,37
DA:25,37
DA:29,8
DA:30,27
DA:31,21
DA:36,29
DA:38,38
DA:39,38
DA:41,38
DA:45,38
DA:46,7
DA:49,38
DA:51,38
DA:54,37
DA:55,29
DA:56,29
DA:57,29
DA:58,29
DA:59,29
DA:60,29
DA:61,29
DA:62,1
DA:65,37
DA:68,6
DA:69,6
DA:72,1
DA:73,1
DA:76,11
DA:77,11
DA:80,2
DA:81,2
DA:84,3
DA:85,3
DA:88,3
DA:89,3
DA:92,7
DA:93,7
DA:94,7
DA:95,7
DA:98,1
DA:99,7
DA:100,1
DA:101,1
DA:104,1
DA:105,1
DA:108,15
DA:109,15
DA:113,29
DA:114,29
LF:61
LH:61
BRDA:20,0,0,29
BRDA:21,1,0,29
BRDA:21,1,1,29
BRDA:30,2,0,21
BRDA:30,2,1,6
BRDA:37,3,0,6
BRDA:38,4,0,38
BRDA:38,4,1,35
BRDA:39,5,0,38
BRDA:39,5,1,37
BRDA:41,6,0,3
BRDA:41,6,1,35
BRDA:45,7,0,7
BRDA:45,7,1,31
BRDA:45,8,0,38
BRDA:45,8,1,35
BRDA:45,8,2,34
BRDA:54,9,0,29
BRDA:54,9,1,8
BRDA:61,10,0,1
BRDA:61,10,1,28
BRDA:79,11,0,1
BRDA:107,12,0,1
BRDA:108,13,0,1
BRDA:108,13,1,14
BRDA:109,14,0,14
BRDA:109,14,1,1
BRDA:113,15,0,28
BRDA:113,15,1,1
BRF:29
BRH:29
end_of_record
