TN:
SF:src/stamp.js
FN:4,(anonymous_0)
FN:6,StampData
FN:16,createNewStamp
FN:20,Stamp
FN:23,count
FN:28,deleteElements
FN:29,(anonymous_6)
FN:37,(anonymous_7)
FN:53,(anonymous_8)
FN:66,(anonymous_9)
FN:74,(anonymous_10)
FN:78,(anonymous_11)
FN:82,(anonymous_12)
FN:86,(anonymous_13)
FN:90,(anonymous_14)
FN:94,(anonymous_15)
FN:98,(anonymous_16)
FN:104,(anonymous_17)
FN:106,(anonymous_18)
FN:110,(anonymous_19)
FN:114,(anonymous_20)
FNF:21
FNH:20
FNDA:11,(anonymous_0)
FNDA:7,StampData
FNDA:7,createNewStamp
FNDA:29,Stamp
FNDA:37,count
FNDA:8,deleteElements
FNDA:27,(anonymous_6)
FNDA:38,(anonymous_7)
FNDA:37,(anonymous_8)
FNDA:0,(anonymous_9)
FNDA:6,(anonymous_10)
FNDA:1,(anonymous_11)
FNDA:11,(anonymous_12)
FNDA:2,(anonymous_13)
FNDA:3,(anonymous_14)
FNDA:3,(anonymous_15)
FNDA:7,(anonymous_16)
FNDA:1,(anonymous_17)
FNDA:7,(anonymous_18)
FNDA:1,(anonymous_19)
FNDA:15,(anonymous_20)
DA:1,1
DA:2,1
DA:4,11
DA:7,7
DA:8,7
DA:9,7
DA:10,7
DA:11,7
DA:12,7
DA:13,7
DA:17,7
DA:21,29
DA:24,37
DA:25,37
DA:29,8
DA:30,27
DA:31,21
DA:36,29
DA:38,38
DA:39,38
DA:41,38
DA:45,38
DA:46,7
DA:49,38
DA:51,38
DA:54,37
DA:55,29
DA:56,29
DA:57,29
DA:58,29
DA:59,29
DA:60,29
DA:61,29
DA:62,1
DA:63,1
DA:64,1
DA:65,0
DA:66,0
DA:68,1
DA:72,37
DA:75,6
DA:76,6
DA:79,1
DA:80,1
DA:83,11
DA:84,11
DA:87,2
DA:88,2
DA:91,3
DA:92,3
DA:95,3
DA:96,3
DA:99,7
DA:100,7
DA:101,7
DA:102,7
DA:105,1
DA:106,7
DA:107,1
DA:108,1
DA:111,1
DA:112,1
DA:115,15
DA:116,15
DA:120,29
DA:121,29
LF:66
LH:64
BRDA:20,0,0,29
BRDA:21,1,0,29
BRDA:21,1,1,29
BRDA:30,2,0,21
BRDA:30,2,1,6
BRDA:37,3,0,6
BRDA:38,4,0,38
BRDA:38,4,1,35
BRDA:39,5,0,38
BRDA:39,5,1,37
BRDA:41,6,0,3
BRDA:41,6,1,35
BRDA:45,7,0,7
BRDA:45,7,1,31
BRDA:45,8,0,38
BRDA:45,8,1,35
BRDA:45,8,2,34
BRDA:54,9,0,29
BRDA:54,9,1,8
BRDA:61,10,0,1
BRDA:61,10,1,28
BRDA:64,11,0,0
BRDA:64,11,1,1
BRDA:86,12,0,1
BRDA:114,13,0,1
BRDA:115,14,0,1
BRDA:115,14,1,14
BRDA:116,15,0,14
BRDA:116,15,1,1
BRDA:120,16,0,28
BRDA:120,16,1,1
BRF:31
BRH:30
end_of_record
